2025/04/07 06:39:21 [notice] 1#1: using the "epoll" event method
2025/04/07 06:39:21 [notice] 1#1: nginx/1.27.4
2025/04/07 06:39:21 [notice] 1#1: built by gcc 14.2.0 (Alpine 14.2.0) 
2025/04/07 06:39:21 [notice] 1#1: OS: Linux 6.12.5-linuxkit
2025/04/07 06:39:21 [notice] 1#1: getrlimit(RLIMIT_NOFILE): 1048576:1048576
2025/04/07 06:39:21 [notice] 1#1: start worker processes
2025/04/07 06:39:21 [notice] 1#1: start worker process 28
2025/04/07 06:39:21 [notice] 1#1: start worker process 29
2025/04/07 06:39:21 [notice] 1#1: start worker process 30
2025/04/07 06:39:21 [notice] 1#1: start worker process 31
2025/04/07 06:39:21 [notice] 1#1: start worker process 32
2025/04/07 06:39:21 [notice] 1#1: start worker process 33
2025/04/07 06:39:21 [notice] 1#1: start worker process 34
2025/04/07 06:39:21 [notice] 1#1: start worker process 35
2025/04/07 06:39:21 [notice] 1#1: start worker process 36
2025/04/07 06:39:21 [notice] 1#1: start worker process 37
2025/04/07 06:39:21 [notice] 1#1: start worker process 38
2025/04/07 06:39:21 [notice] 1#1: start worker process 39
2025/04/07 06:39:21 [notice] 1#1: start worker process 40
2025/04/07 06:39:21 [notice] 1#1: start worker process 41
2025/04/07 06:39:21 [notice] 1#1: start worker process 42
2025/04/07 06:39:21 [notice] 1#1: start worker process 43
2025/04/07 06:39:21 [notice] 1#1: start worker process 44
2025/04/07 06:39:21 [notice] 1#1: start worker process 45
2025/04/07 06:39:21 [notice] 1#1: start worker process 46
2025/04/07 06:39:21 [notice] 1#1: start worker process 47
2025/04/07 06:39:21 [notice] 1#1: start worker process 48
2025/04/07 06:39:21 [notice] 1#1: start worker process 49
2025/04/07 06:39:21 [notice] 1#1: start worker process 50
2025/04/07 06:39:21 [notice] 1#1: start worker process 51
2025/04/07 06:39:47 [notice] 1#1: signal 3 (SIGQUIT) received, shutting down
2025/04/07 06:39:47 [notice] 28#28: gracefully shutting down
2025/04/07 06:39:47 [notice] 40#40: gracefully shutting down
2025/04/07 06:39:47 [notice] 29#29: gracefully shutting down
2025/04/07 06:39:47 [notice] 29#29: exiting
2025/04/07 06:39:47 [notice] 31#31: gracefully shutting down
2025/04/07 06:39:47 [notice] 34#34: gracefully shutting down
2025/04/07 06:39:47 [notice] 33#33: gracefully shutting down
2025/04/07 06:39:47 [notice] 29#29: exit
2025/04/07 06:39:47 [notice] 30#30: gracefully shutting down
2025/04/07 06:39:47 [notice] 32#32: gracefully shutting down
2025/04/07 06:39:47 [notice] 35#35: gracefully shutting down
2025/04/07 06:39:47 [notice] 36#36: gracefully shutting down
2025/04/07 06:39:47 [notice] 37#37: gracefully shutting down
2025/04/07 06:39:47 [notice] 37#37: exiting
2025/04/07 06:39:47 [notice] 38#38: gracefully shutting down
2025/04/07 06:39:47 [notice] 37#37: exit
2025/04/07 06:39:47 [notice] 39#39: gracefully shutting down
2025/04/07 06:39:47 [notice] 41#41: gracefully shutting down
2025/04/07 06:39:47 [notice] 42#42: gracefully shutting down
2025/04/07 06:39:47 [notice] 45#45: gracefully shutting down
2025/04/07 06:39:47 [notice] 43#43: gracefully shutting down
2025/04/07 06:39:47 [notice] 43#43: exiting
2025/04/07 06:39:47 [notice] 46#46: gracefully shutting down
2025/04/07 06:39:47 [notice] 28#28: exiting
2025/04/07 06:39:47 [notice] 48#48: gracefully shutting down
2025/04/07 06:39:47 [notice] 47#47: gracefully shutting down
2025/04/07 06:39:47 [notice] 44#44: gracefully shutting down
2025/04/07 06:39:47 [notice] 28#28: exit
2025/04/07 06:39:47 [notice] 49#49: gracefully shutting down
2025/04/07 06:39:47 [notice] 49#49: exiting
2025/04/07 06:39:47 [notice] 50#50: gracefully shutting down
2025/04/07 06:39:47 [notice] 51#51: gracefully shutting down
2025/04/07 06:39:47 [notice] 40#40: exiting
2025/04/07 06:39:47 [notice] 31#31: exiting
2025/04/07 06:39:47 [notice] 34#34: exiting
2025/04/07 06:39:47 [notice] 33#33: exiting
2025/04/07 06:39:47 [notice] 30#30: exiting
2025/04/07 06:39:47 [notice] 32#32: exiting
2025/04/07 06:39:47 [notice] 35#35: exiting
2025/04/07 06:39:47 [notice] 33#33: exit
2025/04/07 06:39:47 [notice] 36#36: exiting
2025/04/07 06:39:47 [notice] 32#32: exit
2025/04/07 06:39:47 [notice] 38#38: exiting
2025/04/07 06:39:47 [notice] 36#36: exit
2025/04/07 06:39:47 [notice] 39#39: exiting
2025/04/07 06:39:47 [notice] 41#41: exiting
2025/04/07 06:39:47 [notice] 42#42: exiting
2025/04/07 06:39:47 [notice] 45#45: exiting
2025/04/07 06:39:47 [notice] 39#39: exit
2025/04/07 06:39:47 [notice] 46#46: exiting
2025/04/07 06:39:47 [notice] 43#43: exit
2025/04/07 06:39:47 [notice] 48#48: exiting
2025/04/07 06:39:47 [notice] 47#47: exiting
2025/04/07 06:39:47 [notice] 44#44: exiting
2025/04/07 06:39:47 [notice] 49#49: exit
2025/04/07 06:39:47 [notice] 50#50: exiting
2025/04/07 06:39:47 [notice] 47#47: exit
2025/04/07 06:39:47 [notice] 51#51: exiting
2025/04/07 06:39:47 [notice] 31#31: exit
2025/04/07 06:39:47 [notice] 40#40: exit
2025/04/07 06:39:47 [notice] 51#51: exit
2025/04/07 06:39:47 [notice] 30#30: exit
2025/04/07 06:39:47 [notice] 34#34: exit
2025/04/07 06:39:47 [notice] 35#35: exit
2025/04/07 06:39:47 [notice] 38#38: exit
2025/04/07 06:39:47 [notice] 41#41: exit
2025/04/07 06:39:47 [notice] 45#45: exit
2025/04/07 06:39:47 [notice] 42#42: exit
2025/04/07 06:39:47 [notice] 46#46: exit
2025/04/07 06:39:47 [notice] 48#48: exit
2025/04/07 06:39:47 [notice] 44#44: exit
2025/04/07 06:39:47 [notice] 50#50: exit
2025/04/07 06:39:47 [notice] 1#1: signal 17 (SIGCHLD) received from 37
2025/04/07 06:39:47 [notice] 1#1: worker process 37 exited with code 0
2025/04/07 06:39:47 [notice] 1#1: signal 29 (SIGIO) received
2025/04/07 06:39:47 [notice] 1#1: signal 17 (SIGCHLD) received from 33
2025/04/07 06:39:47 [notice] 1#1: worker process 29 exited with code 0
2025/04/07 06:39:47 [notice] 1#1: worker process 31 exited with code 0
2025/04/07 06:39:47 [notice] 1#1: worker process 33 exited with code 0
2025/04/07 06:39:47 [notice] 1#1: worker process 38 exited with code 0
2025/04/07 06:39:47 [notice] 1#1: worker process 39 exited with code 0
2025/04/07 06:39:47 [notice] 1#1: worker process 41 exited with code 0
2025/04/07 06:39:47 [notice] 1#1: worker process 43 exited with code 0
2025/04/07 06:39:47 [notice] 1#1: worker process 45 exited with code 0
2025/04/07 06:39:47 [notice] 1#1: worker process 47 exited with code 0
2025/04/07 06:39:47 [notice] 1#1: worker process 49 exited with code 0
2025/04/07 06:39:47 [notice] 1#1: signal 29 (SIGIO) received
2025/04/07 06:39:47 [notice] 1#1: signal 17 (SIGCHLD) received from 49
2025/04/07 06:39:47 [notice] 1#1: signal 17 (SIGCHLD) received from 44
2025/04/07 06:39:47 [notice] 1#1: worker process 44 exited with code 0
2025/04/07 06:39:47 [notice] 1#1: worker process 46 exited with code 0
2025/04/07 06:39:47 [notice] 1#1: worker process 32 exited with code 0
2025/04/07 06:39:47 [notice] 1#1: worker process 28 exited with code 0
2025/04/07 06:39:47 [notice] 1#1: worker process 34 exited with code 0
2025/04/07 06:39:47 [notice] 1#1: worker process 36 exited with code 0
2025/04/07 06:39:47 [notice] 1#1: worker process 48 exited with code 0
2025/04/07 06:39:47 [notice] 1#1: worker process 51 exited with code 0
2025/04/07 06:39:47 [notice] 1#1: signal 29 (SIGIO) received
2025/04/07 06:39:47 [notice] 1#1: signal 17 (SIGCHLD) received from 48
2025/04/07 06:39:47 [notice] 1#1: signal 17 (SIGCHLD) received from 50
2025/04/07 06:39:47 [notice] 1#1: worker process 30 exited with code 0
2025/04/07 06:39:47 [notice] 1#1: worker process 40 exited with code 0
2025/04/07 06:39:47 [notice] 1#1: worker process 50 exited with code 0
2025/04/07 06:39:47 [notice] 1#1: worker process 42 exited with code 0
2025/04/07 06:39:47 [notice] 1#1: worker process 35 exited with code 0
2025/04/07 06:39:47 [notice] 1#1: exit
2025/04/07 06:39:57 [notice] 1#1: using the "epoll" event method
2025/04/07 06:39:57 [notice] 1#1: nginx/1.27.4
2025/04/07 06:39:57 [notice] 1#1: built by gcc 14.2.0 (Alpine 14.2.0) 
2025/04/07 06:39:57 [notice] 1#1: OS: Linux 6.12.5-linuxkit
2025/04/07 06:39:57 [notice] 1#1: getrlimit(RLIMIT_NOFILE): 1048576:1048576
2025/04/07 06:39:57 [notice] 1#1: start worker processes
2025/04/07 06:39:57 [notice] 1#1: start worker process 29
2025/04/07 06:39:57 [notice] 1#1: start worker process 30
2025/04/07 06:39:57 [notice] 1#1: start worker process 31
2025/04/07 06:39:57 [notice] 1#1: start worker process 32
2025/04/07 06:39:57 [notice] 1#1: start worker process 33
2025/04/07 06:39:57 [notice] 1#1: start worker process 34
2025/04/07 06:39:57 [notice] 1#1: start worker process 35
2025/04/07 06:39:57 [notice] 1#1: start worker process 36
2025/04/07 06:39:57 [notice] 1#1: start worker process 37
2025/04/07 06:39:57 [notice] 1#1: start worker process 38
2025/04/07 06:39:57 [notice] 1#1: start worker process 39
2025/04/07 06:39:57 [notice] 1#1: start worker process 40
2025/04/07 06:39:57 [notice] 1#1: start worker process 41
2025/04/07 06:39:57 [notice] 1#1: start worker process 42
2025/04/07 06:39:57 [notice] 1#1: start worker process 43
2025/04/07 06:39:57 [notice] 1#1: start worker process 44
2025/04/07 06:39:57 [notice] 1#1: start worker process 45
2025/04/07 06:39:57 [notice] 1#1: start worker process 46
2025/04/07 06:39:57 [notice] 1#1: start worker process 47
2025/04/07 06:39:57 [notice] 1#1: start worker process 48
2025/04/07 06:39:57 [notice] 1#1: start worker process 49
2025/04/07 06:39:57 [notice] 1#1: start worker process 50
2025/04/07 06:39:57 [notice] 1#1: start worker process 51
2025/04/07 06:39:57 [notice] 1#1: start worker process 52
2025/04/07 06:42:45 [notice] 1#1: signal 3 (SIGQUIT) received, shutting down
2025/04/07 06:42:45 [notice] 31#31: gracefully shutting down
2025/04/07 06:42:45 [notice] 35#35: gracefully shutting down
2025/04/07 06:42:45 [notice] 32#32: gracefully shutting down
2025/04/07 06:42:45 [notice] 30#30: gracefully shutting down
2025/04/07 06:42:45 [notice] 29#29: gracefully shutting down
2025/04/07 06:42:45 [notice] 38#38: gracefully shutting down
2025/04/07 06:42:45 [notice] 36#36: gracefully shutting down
2025/04/07 06:42:45 [notice] 37#37: gracefully shutting down
2025/04/07 06:42:45 [notice] 39#39: gracefully shutting down
2025/04/07 06:42:45 [notice] 33#33: gracefully shutting down
2025/04/07 06:42:45 [notice] 33#33: exiting
2025/04/07 06:42:45 [notice] 44#44: gracefully shutting down
2025/04/07 06:42:45 [notice] 43#43: gracefully shutting down
2025/04/07 06:42:45 [notice] 33#33: exit
2025/04/07 06:42:45 [notice] 47#47: gracefully shutting down
2025/04/07 06:42:45 [notice] 47#47: exiting
2025/04/07 06:42:45 [notice] 40#40: gracefully shutting down
2025/04/07 06:42:45 [notice] 45#45: gracefully shutting down
2025/04/07 06:42:45 [notice] 49#49: gracefully shutting down
2025/04/07 06:42:45 [notice] 47#47: exit
2025/04/07 06:42:45 [notice] 34#34: gracefully shutting down
2025/04/07 06:42:45 [notice] 50#50: gracefully shutting down
2025/04/07 06:42:45 [notice] 50#50: exiting
2025/04/07 06:42:45 [notice] 51#51: gracefully shutting down
2025/04/07 06:42:45 [notice] 46#46: gracefully shutting down
2025/04/07 06:42:45 [notice] 52#52: gracefully shutting down
2025/04/07 06:42:45 [notice] 48#48: gracefully shutting down
2025/04/07 06:42:45 [notice] 41#41: gracefully shutting down
2025/04/07 06:42:45 [notice] 42#42: gracefully shutting down
2025/04/07 06:42:45 [notice] 31#31: exiting
2025/04/07 06:42:45 [notice] 35#35: exiting
2025/04/07 06:42:45 [notice] 32#32: exiting
2025/04/07 06:42:45 [notice] 30#30: exiting
2025/04/07 06:42:45 [notice] 31#31: exit
2025/04/07 06:42:45 [notice] 29#29: exiting
2025/04/07 06:42:45 [notice] 38#38: exiting
2025/04/07 06:42:45 [notice] 36#36: exiting
2025/04/07 06:42:45 [notice] 30#30: exit
2025/04/07 06:42:45 [notice] 37#37: exiting
2025/04/07 06:42:45 [notice] 36#36: exit
2025/04/07 06:42:45 [notice] 39#39: exiting
2025/04/07 06:42:45 [notice] 44#44: exiting
2025/04/07 06:42:45 [notice] 43#43: exiting
2025/04/07 06:42:45 [notice] 40#40: exiting
2025/04/07 06:42:45 [notice] 45#45: exiting
2025/04/07 06:42:45 [notice] 49#49: exiting
2025/04/07 06:42:45 [notice] 34#34: exiting
2025/04/07 06:42:45 [notice] 51#51: exiting
2025/04/07 06:42:45 [notice] 50#50: exit
2025/04/07 06:42:45 [notice] 46#46: exiting
2025/04/07 06:42:45 [notice] 52#52: exiting
2025/04/07 06:42:45 [notice] 51#51: exit
2025/04/07 06:42:45 [notice] 48#48: exiting
2025/04/07 06:42:45 [notice] 41#41: exiting
2025/04/07 06:42:45 [notice] 42#42: exiting
2025/04/07 06:42:45 [notice] 48#48: exit
2025/04/07 06:42:45 [notice] 35#35: exit
2025/04/07 06:42:45 [notice] 32#32: exit
2025/04/07 06:42:45 [notice] 42#42: exit
2025/04/07 06:42:45 [notice] 38#38: exit
2025/04/07 06:42:45 [notice] 29#29: exit
2025/04/07 06:42:45 [notice] 37#37: exit
2025/04/07 06:42:45 [notice] 44#44: exit
2025/04/07 06:42:45 [notice] 39#39: exit
2025/04/07 06:42:45 [notice] 43#43: exit
2025/04/07 06:42:45 [notice] 40#40: exit
2025/04/07 06:42:45 [notice] 45#45: exit
2025/04/07 06:42:45 [notice] 49#49: exit
2025/04/07 06:42:45 [notice] 34#34: exit
2025/04/07 06:42:45 [notice] 52#52: exit
2025/04/07 06:42:45 [notice] 46#46: exit
2025/04/07 06:42:45 [notice] 41#41: exit
2025/04/07 06:42:45 [notice] 1#1: signal 17 (SIGCHLD) received from 52
2025/04/07 06:42:45 [notice] 1#1: worker process 31 exited with code 0
2025/04/07 06:42:45 [notice] 1#1: worker process 52 exited with code 0
2025/04/07 06:42:45 [notice] 1#1: signal 29 (SIGIO) received
2025/04/07 06:42:45 [notice] 1#1: signal 17 (SIGCHLD) received from 30
2025/04/07 06:42:45 [notice] 1#1: worker process 29 exited with code 0
2025/04/07 06:42:45 [notice] 1#1: worker process 30 exited with code 0
2025/04/07 06:42:45 [notice] 1#1: worker process 32 exited with code 0
2025/04/07 06:42:45 [notice] 1#1: worker process 33 exited with code 0
2025/04/07 06:42:45 [notice] 1#1: worker process 34 exited with code 0
2025/04/07 06:42:45 [notice] 1#1: worker process 35 exited with code 0
2025/04/07 06:42:45 [notice] 1#1: worker process 36 exited with code 0
2025/04/07 06:42:45 [notice] 1#1: worker process 37 exited with code 0
2025/04/07 06:42:45 [notice] 1#1: worker process 41 exited with code 0
2025/04/07 06:42:45 [notice] 1#1: worker process 45 exited with code 0
2025/04/07 06:42:45 [notice] 1#1: worker process 46 exited with code 0
2025/04/07 06:42:45 [notice] 1#1: worker process 49 exited with code 0
2025/04/07 06:42:45 [notice] 1#1: signal 29 (SIGIO) received
2025/04/07 06:42:45 [notice] 1#1: signal 17 (SIGCHLD) received from 35
2025/04/07 06:42:45 [notice] 1#1: signal 17 (SIGCHLD) received from 38
2025/04/07 06:42:45 [notice] 1#1: worker process 38 exited with code 0
2025/04/07 06:42:45 [notice] 1#1: worker process 44 exited with code 0
2025/04/07 06:42:45 [notice] 1#1: worker process 51 exited with code 0
2025/04/07 06:42:45 [notice] 1#1: signal 29 (SIGIO) received
2025/04/07 06:42:45 [notice] 1#1: signal 17 (SIGCHLD) received from 51
2025/04/07 06:42:45 [notice] 1#1: signal 17 (SIGCHLD) received from 48
2025/04/07 06:42:45 [notice] 1#1: worker process 40 exited with code 0
2025/04/07 06:42:45 [notice] 1#1: worker process 42 exited with code 0
2025/04/07 06:42:45 [notice] 1#1: worker process 43 exited with code 0
2025/04/07 06:42:45 [notice] 1#1: worker process 47 exited with code 0
2025/04/07 06:42:45 [notice] 1#1: worker process 39 exited with code 0
2025/04/07 06:42:45 [notice] 1#1: worker process 48 exited with code 0
2025/04/07 06:42:45 [notice] 1#1: signal 17 (SIGCHLD) received from 42
2025/04/07 06:42:45 [notice] 1#1: worker process 50 exited with code 0
2025/04/07 06:42:45 [notice] 1#1: exit
2025/04/07 06:43:26 [notice] 1#1: using the "epoll" event method
2025/04/07 06:43:26 [notice] 1#1: nginx/1.27.4
2025/04/07 06:43:26 [notice] 1#1: built by gcc 14.2.0 (Alpine 14.2.0) 
2025/04/07 06:43:26 [notice] 1#1: OS: Linux 6.12.5-linuxkit
2025/04/07 06:43:26 [notice] 1#1: getrlimit(RLIMIT_NOFILE): 1048576:1048576
2025/04/07 06:43:26 [notice] 1#1: start worker processes
2025/04/07 06:43:26 [notice] 1#1: start worker process 29
2025/04/07 06:43:26 [notice] 1#1: start worker process 30
2025/04/07 06:43:26 [notice] 1#1: start worker process 31
2025/04/07 06:43:26 [notice] 1#1: start worker process 32
2025/04/07 06:43:26 [notice] 1#1: start worker process 33
2025/04/07 06:43:26 [notice] 1#1: start worker process 34
2025/04/07 06:43:26 [notice] 1#1: start worker process 35
2025/04/07 06:43:26 [notice] 1#1: start worker process 36
2025/04/07 06:43:26 [notice] 1#1: start worker process 37
2025/04/07 06:43:26 [notice] 1#1: start worker process 38
2025/04/07 06:43:26 [notice] 1#1: start worker process 39
2025/04/07 06:43:26 [notice] 1#1: start worker process 40
2025/04/07 06:43:26 [notice] 1#1: start worker process 41
2025/04/07 06:43:26 [notice] 1#1: start worker process 42
2025/04/07 06:43:26 [notice] 1#1: start worker process 43
2025/04/07 06:43:26 [notice] 1#1: start worker process 44
2025/04/07 06:43:26 [notice] 1#1: start worker process 45
2025/04/07 06:43:26 [notice] 1#1: start worker process 46
2025/04/07 06:43:26 [notice] 1#1: start worker process 47
2025/04/07 06:43:26 [notice] 1#1: start worker process 48
2025/04/07 06:43:26 [notice] 1#1: start worker process 49
2025/04/07 06:43:26 [notice] 1#1: start worker process 50
2025/04/07 06:43:26 [notice] 1#1: start worker process 51
2025/04/07 06:43:26 [notice] 1#1: start worker process 52
2025/04/07 06:44:09 [notice] 1#1: signal 3 (SIGQUIT) received, shutting down
2025/04/07 06:44:09 [notice] 29#29: gracefully shutting down
2025/04/07 06:44:09 [notice] 49#49: gracefully shutting down
2025/04/07 06:44:09 [notice] 30#30: gracefully shutting down
2025/04/07 06:44:09 [notice] 31#31: gracefully shutting down
2025/04/07 06:44:09 [notice] 34#34: gracefully shutting down
2025/04/07 06:44:09 [notice] 32#32: gracefully shutting down
2025/04/07 06:44:09 [notice] 39#39: gracefully shutting down
2025/04/07 06:44:09 [notice] 38#38: gracefully shutting down
2025/04/07 06:44:09 [notice] 41#41: gracefully shutting down
2025/04/07 06:44:09 [notice] 37#37: gracefully shutting down
2025/04/07 06:44:09 [notice] 42#42: gracefully shutting down
2025/04/07 06:44:09 [notice] 33#33: gracefully shutting down
2025/04/07 06:44:09 [notice] 40#40: gracefully shutting down
2025/04/07 06:44:09 [notice] 36#36: gracefully shutting down
2025/04/07 06:44:09 [notice] 35#35: gracefully shutting down
2025/04/07 06:44:09 [notice] 45#45: gracefully shutting down
2025/04/07 06:44:09 [notice] 46#46: gracefully shutting down
2025/04/07 06:44:09 [notice] 44#44: gracefully shutting down
2025/04/07 06:44:09 [notice] 43#43: gracefully shutting down
2025/04/07 06:44:09 [notice] 43#43: exiting
2025/04/07 06:44:09 [notice] 48#48: gracefully shutting down
2025/04/07 06:44:09 [notice] 29#29: exiting
2025/04/07 06:44:09 [notice] 51#51: gracefully shutting down
2025/04/07 06:44:09 [notice] 51#51: exiting
2025/04/07 06:44:09 [notice] 50#50: gracefully shutting down
2025/04/07 06:44:09 [notice] 29#29: exit
2025/04/07 06:44:09 [notice] 49#49: exiting
2025/04/07 06:44:09 [notice] 52#52: gracefully shutting down
2025/04/07 06:44:09 [notice] 47#47: gracefully shutting down
2025/04/07 06:44:09 [notice] 30#30: exiting
2025/04/07 06:44:09 [notice] 31#31: exiting
2025/04/07 06:44:09 [notice] 34#34: exiting
2025/04/07 06:44:09 [notice] 32#32: exiting
2025/04/07 06:44:09 [notice] 39#39: exiting
2025/04/07 06:44:09 [notice] 34#34: exit
2025/04/07 06:44:09 [notice] 38#38: exiting
2025/04/07 06:44:09 [notice] 41#41: exiting
2025/04/07 06:44:09 [notice] 37#37: exiting
2025/04/07 06:44:09 [notice] 42#42: exiting
2025/04/07 06:44:09 [notice] 38#38: exit
2025/04/07 06:44:09 [notice] 33#33: exiting
2025/04/07 06:44:09 [notice] 42#42: exit
2025/04/07 06:44:09 [notice] 40#40: exiting
2025/04/07 06:44:09 [notice] 36#36: exiting
2025/04/07 06:44:09 [notice] 35#35: exiting
2025/04/07 06:44:09 [notice] 45#45: exiting
2025/04/07 06:44:09 [notice] 46#46: exiting
2025/04/07 06:44:09 [notice] 44#44: exiting
2025/04/07 06:44:09 [notice] 48#48: exiting
2025/04/07 06:44:09 [notice] 43#43: exit
2025/04/07 06:44:09 [notice] 50#50: exiting
2025/04/07 06:44:09 [notice] 44#44: exit
2025/04/07 06:44:09 [notice] 51#51: exit
2025/04/07 06:44:09 [notice] 52#52: exiting
2025/04/07 06:44:09 [notice] 49#49: exit
2025/04/07 06:44:09 [notice] 47#47: exiting
2025/04/07 06:44:09 [notice] 30#30: exit
2025/04/07 06:44:09 [notice] 31#31: exit
2025/04/07 06:44:09 [notice] 32#32: exit
2025/04/07 06:44:09 [notice] 39#39: exit
2025/04/07 06:44:09 [notice] 41#41: exit
2025/04/07 06:44:09 [notice] 37#37: exit
2025/04/07 06:44:09 [notice] 33#33: exit
2025/04/07 06:44:09 [notice] 36#36: exit
2025/04/07 06:44:09 [notice] 40#40: exit
2025/04/07 06:44:09 [notice] 35#35: exit
2025/04/07 06:44:09 [notice] 46#46: exit
2025/04/07 06:44:09 [notice] 45#45: exit
2025/04/07 06:44:09 [notice] 48#48: exit
2025/04/07 06:44:09 [notice] 50#50: exit
2025/04/07 06:44:09 [notice] 52#52: exit
2025/04/07 06:44:09 [notice] 47#47: exit
2025/04/07 06:44:09 [notice] 1#1: signal 17 (SIGCHLD) received from 34
2025/04/07 06:44:09 [notice] 1#1: worker process 29 exited with code 0
2025/04/07 06:44:09 [notice] 1#1: worker process 32 exited with code 0
2025/04/07 06:44:09 [notice] 1#1: worker process 33 exited with code 0
2025/04/07 06:44:09 [notice] 1#1: worker process 34 exited with code 0
2025/04/07 06:44:09 [notice] 1#1: worker process 38 exited with code 0
2025/04/07 06:44:09 [notice] 1#1: worker process 40 exited with code 0
2025/04/07 06:44:09 [notice] 1#1: worker process 43 exited with code 0
2025/04/07 06:44:09 [notice] 1#1: signal 29 (SIGIO) received
2025/04/07 06:44:09 [notice] 1#1: signal 17 (SIGCHLD) received from 38
2025/04/07 06:44:09 [notice] 1#1: signal 17 (SIGCHLD) received from 48
2025/04/07 06:44:09 [notice] 1#1: worker process 30 exited with code 0
2025/04/07 06:44:09 [notice] 1#1: worker process 36 exited with code 0
2025/04/07 06:44:09 [notice] 1#1: worker process 31 exited with code 0
2025/04/07 06:44:09 [notice] 1#1: worker process 35 exited with code 0
2025/04/07 06:44:09 [notice] 1#1: worker process 37 exited with code 0
2025/04/07 06:44:09 [notice] 1#1: worker process 41 exited with code 0
2025/04/07 06:44:09 [notice] 1#1: worker process 42 exited with code 0
2025/04/07 06:44:09 [notice] 1#1: worker process 44 exited with code 0
2025/04/07 06:44:09 [notice] 1#1: worker process 45 exited with code 0
2025/04/07 06:44:09 [notice] 1#1: worker process 46 exited with code 0
2025/04/07 06:44:09 [notice] 1#1: worker process 39 exited with code 0
2025/04/07 06:44:09 [notice] 1#1: worker process 47 exited with code 0
2025/04/07 06:44:09 [notice] 1#1: worker process 48 exited with code 0
2025/04/07 06:44:09 [notice] 1#1: worker process 49 exited with code 0
2025/04/07 06:44:09 [notice] 1#1: worker process 50 exited with code 0
2025/04/07 06:44:09 [notice] 1#1: worker process 51 exited with code 0
2025/04/07 06:44:09 [notice] 1#1: worker process 52 exited with code 0
2025/04/07 06:44:09 [notice] 1#1: exit
2025/04/07 06:49:59 [notice] 1#1: using the "epoll" event method
2025/04/07 06:49:59 [notice] 1#1: nginx/1.27.4
2025/04/07 06:49:59 [notice] 1#1: built by gcc 14.2.0 (Alpine 14.2.0) 
2025/04/07 06:49:59 [notice] 1#1: OS: Linux 6.12.5-linuxkit
2025/04/07 06:49:59 [notice] 1#1: getrlimit(RLIMIT_NOFILE): 1048576:1048576
2025/04/07 06:49:59 [notice] 1#1: start worker processes
2025/04/07 06:49:59 [notice] 1#1: start worker process 29
2025/04/07 06:49:59 [notice] 1#1: start worker process 30
2025/04/07 06:49:59 [notice] 1#1: start worker process 31
2025/04/07 06:49:59 [notice] 1#1: start worker process 32
2025/04/07 06:49:59 [notice] 1#1: start worker process 33
2025/04/07 06:49:59 [notice] 1#1: start worker process 34
2025/04/07 06:49:59 [notice] 1#1: start worker process 35
2025/04/07 06:49:59 [notice] 1#1: start worker process 36
2025/04/07 06:49:59 [notice] 1#1: start worker process 37
2025/04/07 06:49:59 [notice] 1#1: start worker process 38
2025/04/07 06:49:59 [notice] 1#1: start worker process 39
2025/04/07 06:49:59 [notice] 1#1: start worker process 40
2025/04/07 06:49:59 [notice] 1#1: start worker process 41
2025/04/07 06:49:59 [notice] 1#1: start worker process 42
2025/04/07 06:49:59 [notice] 1#1: start worker process 43
2025/04/07 06:49:59 [notice] 1#1: start worker process 44
2025/04/07 06:49:59 [notice] 1#1: start worker process 45
2025/04/07 06:49:59 [notice] 1#1: start worker process 46
2025/04/07 06:49:59 [notice] 1#1: start worker process 47
2025/04/07 06:49:59 [notice] 1#1: start worker process 48
2025/04/07 06:49:59 [notice] 1#1: start worker process 49
2025/04/07 06:49:59 [notice] 1#1: start worker process 50
2025/04/07 06:49:59 [notice] 1#1: start worker process 51
2025/04/07 06:49:59 [notice] 1#1: start worker process 52
2025/04/07 06:50:07 [notice] 1#1: signal 3 (SIGQUIT) received, shutting down
2025/04/07 06:50:07 [notice] 30#30: gracefully shutting down
2025/04/07 06:50:07 [notice] 36#36: gracefully shutting down
2025/04/07 06:50:07 [notice] 31#31: gracefully shutting down
2025/04/07 06:50:07 [notice] 34#34: gracefully shutting down
2025/04/07 06:50:07 [notice] 32#32: gracefully shutting down
2025/04/07 06:50:07 [notice] 33#33: gracefully shutting down
2025/04/07 06:50:07 [notice] 35#35: gracefully shutting down
2025/04/07 06:50:07 [notice] 29#29: gracefully shutting down
2025/04/07 06:50:07 [notice] 29#29: exiting
2025/04/07 06:50:07 [notice] 38#38: gracefully shutting down
2025/04/07 06:50:07 [notice] 37#37: gracefully shutting down
2025/04/07 06:50:07 [notice] 41#41: gracefully shutting down
2025/04/07 06:50:07 [notice] 42#42: gracefully shutting down
2025/04/07 06:50:07 [notice] 39#39: gracefully shutting down
2025/04/07 06:50:07 [notice] 46#46: gracefully shutting down
2025/04/07 06:50:07 [notice] 45#45: gracefully shutting down
2025/04/07 06:50:07 [notice] 47#47: gracefully shutting down
2025/04/07 06:50:07 [notice] 30#30: exiting
2025/04/07 06:50:07 [notice] 43#43: gracefully shutting down
2025/04/07 06:50:07 [notice] 48#48: gracefully shutting down
2025/04/07 06:50:07 [notice] 52#52: gracefully shutting down
2025/04/07 06:50:07 [notice] 49#49: gracefully shutting down
2025/04/07 06:50:07 [notice] 40#40: gracefully shutting down
2025/04/07 06:50:07 [notice] 50#50: gracefully shutting down
2025/04/07 06:50:07 [notice] 44#44: gracefully shutting down
2025/04/07 06:50:07 [notice] 51#51: gracefully shutting down
2025/04/07 06:50:07 [notice] 36#36: exiting
2025/04/07 06:50:07 [notice] 31#31: exiting
2025/04/07 06:50:07 [notice] 34#34: exiting
2025/04/07 06:50:07 [notice] 32#32: exiting
2025/04/07 06:50:07 [notice] 33#33: exiting
2025/04/07 06:50:07 [notice] 35#35: exiting
2025/04/07 06:50:07 [notice] 38#38: exiting
2025/04/07 06:50:07 [notice] 37#37: exiting
2025/04/07 06:50:07 [notice] 29#29: exit
2025/04/07 06:50:07 [notice] 41#41: exiting
2025/04/07 06:50:07 [notice] 42#42: exiting
2025/04/07 06:50:07 [notice] 39#39: exiting
2025/04/07 06:50:07 [notice] 41#41: exit
2025/04/07 06:50:07 [notice] 46#46: exiting
2025/04/07 06:50:07 [notice] 45#45: exiting
2025/04/07 06:50:07 [notice] 39#39: exit
2025/04/07 06:50:07 [notice] 47#47: exiting
2025/04/07 06:50:07 [notice] 46#46: exit
2025/04/07 06:50:07 [notice] 43#43: exiting
2025/04/07 06:50:07 [notice] 30#30: exit
2025/04/07 06:50:07 [notice] 48#48: exiting
2025/04/07 06:50:07 [notice] 52#52: exiting
2025/04/07 06:50:07 [notice] 49#49: exiting
2025/04/07 06:50:07 [notice] 40#40: exiting
2025/04/07 06:50:07 [notice] 48#48: exit
2025/04/07 06:50:07 [notice] 50#50: exiting
2025/04/07 06:50:07 [notice] 49#49: exit
2025/04/07 06:50:07 [notice] 44#44: exiting
2025/04/07 06:50:07 [notice] 51#51: exiting
2025/04/07 06:50:07 [notice] 36#36: exit
2025/04/07 06:50:07 [notice] 31#31: exit
2025/04/07 06:50:07 [notice] 34#34: exit
2025/04/07 06:50:07 [notice] 32#32: exit
2025/04/07 06:50:07 [notice] 33#33: exit
2025/04/07 06:50:07 [notice] 35#35: exit
2025/04/07 06:50:07 [notice] 38#38: exit
2025/04/07 06:50:07 [notice] 37#37: exit
2025/04/07 06:50:07 [notice] 42#42: exit
2025/04/07 06:50:07 [notice] 45#45: exit
2025/04/07 06:50:07 [notice] 47#47: exit
2025/04/07 06:50:07 [notice] 43#43: exit
2025/04/07 06:50:07 [notice] 52#52: exit
2025/04/07 06:50:07 [notice] 40#40: exit
2025/04/07 06:50:07 [notice] 50#50: exit
2025/04/07 06:50:07 [notice] 44#44: exit
2025/04/07 06:50:07 [notice] 51#51: exit
2025/04/07 06:50:07 [notice] 1#1: signal 17 (SIGCHLD) received from 39
2025/04/07 06:50:07 [notice] 1#1: worker process 33 exited with code 0
2025/04/07 06:50:07 [notice] 1#1: worker process 30 exited with code 0
2025/04/07 06:50:07 [notice] 1#1: worker process 37 exited with code 0
2025/04/07 06:50:07 [notice] 1#1: worker process 39 exited with code 0
2025/04/07 06:50:07 [notice] 1#1: worker process 43 exited with code 0
2025/04/07 06:50:07 [notice] 1#1: worker process 44 exited with code 0
2025/04/07 06:50:07 [notice] 1#1: worker process 45 exited with code 0
2025/04/07 06:50:07 [notice] 1#1: worker process 46 exited with code 0
2025/04/07 06:50:07 [notice] 1#1: worker process 47 exited with code 0
2025/04/07 06:50:07 [notice] 1#1: worker process 49 exited with code 0
2025/04/07 06:50:07 [notice] 1#1: worker process 51 exited with code 0
2025/04/07 06:50:07 [notice] 1#1: worker process 52 exited with code 0
2025/04/07 06:50:07 [notice] 1#1: signal 29 (SIGIO) received
2025/04/07 06:50:07 [notice] 1#1: signal 17 (SIGCHLD) received from 46
2025/04/07 06:50:07 [notice] 1#1: signal 17 (SIGCHLD) received from 29
2025/04/07 06:50:07 [notice] 1#1: worker process 29 exited with code 0
2025/04/07 06:50:07 [notice] 1#1: worker process 31 exited with code 0
2025/04/07 06:50:07 [notice] 1#1: worker process 32 exited with code 0
2025/04/07 06:50:07 [notice] 1#1: worker process 35 exited with code 0
2025/04/07 06:50:07 [notice] 1#1: worker process 36 exited with code 0
2025/04/07 06:50:07 [notice] 1#1: worker process 38 exited with code 0
2025/04/07 06:50:07 [notice] 1#1: worker process 40 exited with code 0
2025/04/07 06:50:07 [notice] 1#1: worker process 41 exited with code 0
2025/04/07 06:50:07 [notice] 1#1: worker process 42 exited with code 0
2025/04/07 06:50:07 [notice] 1#1: worker process 48 exited with code 0
2025/04/07 06:50:07 [notice] 1#1: worker process 50 exited with code 0
2025/04/07 06:50:07 [notice] 1#1: signal 29 (SIGIO) received
2025/04/07 06:50:07 [notice] 1#1: signal 17 (SIGCHLD) received from 35
2025/04/07 06:50:07 [notice] 1#1: signal 17 (SIGCHLD) received from 34
2025/04/07 06:50:07 [notice] 1#1: worker process 34 exited with code 0
2025/04/07 06:50:07 [notice] 1#1: exit
2025/04/07 06:50:11 [notice] 1#1: using the "epoll" event method
2025/04/07 06:50:11 [notice] 1#1: nginx/1.27.4
2025/04/07 06:50:11 [notice] 1#1: built by gcc 14.2.0 (Alpine 14.2.0) 
2025/04/07 06:50:11 [notice] 1#1: OS: Linux 6.12.5-linuxkit
2025/04/07 06:50:11 [notice] 1#1: getrlimit(RLIMIT_NOFILE): 1048576:1048576
2025/04/07 06:50:11 [notice] 1#1: start worker processes
2025/04/07 06:50:11 [notice] 1#1: start worker process 28
2025/04/07 06:50:11 [notice] 1#1: start worker process 29
2025/04/07 06:50:11 [notice] 1#1: start worker process 30
2025/04/07 06:50:11 [notice] 1#1: start worker process 31
2025/04/07 06:50:11 [notice] 1#1: start worker process 32
2025/04/07 06:50:11 [notice] 1#1: start worker process 33
2025/04/07 06:50:11 [notice] 1#1: start worker process 34
2025/04/07 06:50:11 [notice] 1#1: start worker process 35
2025/04/07 06:50:11 [notice] 1#1: start worker process 36
2025/04/07 06:50:11 [notice] 1#1: start worker process 37
2025/04/07 06:50:11 [notice] 1#1: start worker process 38
2025/04/07 06:50:11 [notice] 1#1: start worker process 39
2025/04/07 06:50:11 [notice] 1#1: start worker process 40
2025/04/07 06:50:11 [notice] 1#1: start worker process 41
2025/04/07 06:50:11 [notice] 1#1: start worker process 42
2025/04/07 06:50:11 [notice] 1#1: start worker process 43
2025/04/07 06:50:11 [notice] 1#1: start worker process 44
2025/04/07 06:50:11 [notice] 1#1: start worker process 45
2025/04/07 06:50:11 [notice] 1#1: start worker process 46
2025/04/07 06:50:11 [notice] 1#1: start worker process 47
2025/04/07 06:50:11 [notice] 1#1: start worker process 48
2025/04/07 06:50:11 [notice] 1#1: start worker process 49
2025/04/07 06:50:11 [notice] 1#1: start worker process 50
2025/04/07 06:50:11 [notice] 1#1: start worker process 51
2025/04/07 06:53:26 [notice] 1#1: signal 3 (SIGQUIT) received, shutting down
2025/04/07 06:53:26 [notice] 28#28: gracefully shutting down
2025/04/07 06:53:26 [notice] 47#47: gracefully shutting down
2025/04/07 06:53:26 [notice] 30#30: gracefully shutting down
2025/04/07 06:53:26 [notice] 30#30: exiting
2025/04/07 06:53:26 [notice] 31#31: gracefully shutting down
2025/04/07 06:53:26 [notice] 33#33: gracefully shutting down
2025/04/07 06:53:26 [notice] 33#33: exiting
2025/04/07 06:53:26 [notice] 35#35: gracefully shutting down
2025/04/07 06:53:26 [notice] 33#33: exit
2025/04/07 06:53:26 [notice] 34#34: gracefully shutting down
2025/04/07 06:53:26 [notice] 37#37: gracefully shutting down
2025/04/07 06:53:26 [notice] 32#32: gracefully shutting down
2025/04/07 06:53:26 [notice] 41#41: gracefully shutting down
2025/04/07 06:53:26 [notice] 36#36: gracefully shutting down
2025/04/07 06:53:26 [notice] 36#36: exiting
2025/04/07 06:53:26 [notice] 39#39: gracefully shutting down
2025/04/07 06:53:26 [notice] 43#43: gracefully shutting down
2025/04/07 06:53:26 [notice] 42#42: gracefully shutting down
2025/04/07 06:53:26 [notice] 46#46: gracefully shutting down
2025/04/07 06:53:26 [notice] 46#46: exiting
2025/04/07 06:53:26 [notice] 38#38: gracefully shutting down
2025/04/07 06:53:26 [notice] 44#44: gracefully shutting down
2025/04/07 06:53:26 [notice] 46#46: exit
2025/04/07 06:53:26 [notice] 48#48: gracefully shutting down
2025/04/07 06:53:26 [notice] 45#45: gracefully shutting down
2025/04/07 06:53:26 [notice] 50#50: gracefully shutting down
2025/04/07 06:53:26 [notice] 51#51: gracefully shutting down
2025/04/07 06:53:26 [notice] 49#49: gracefully shutting down
2025/04/07 06:53:26 [notice] 28#28: exiting
2025/04/07 06:53:26 [notice] 29#29: gracefully shutting down
2025/04/07 06:53:26 [notice] 29#29: exiting
2025/04/07 06:53:26 [notice] 40#40: gracefully shutting down
2025/04/07 06:53:26 [notice] 47#47: exiting
2025/04/07 06:53:26 [notice] 31#31: exiting
2025/04/07 06:53:26 [notice] 30#30: exit
2025/04/07 06:53:26 [notice] 35#35: exiting
2025/04/07 06:53:26 [notice] 34#34: exiting
2025/04/07 06:53:26 [notice] 37#37: exiting
2025/04/07 06:53:26 [notice] 32#32: exiting
2025/04/07 06:53:26 [notice] 34#34: exit
2025/04/07 06:53:26 [notice] 41#41: exiting
2025/04/07 06:53:26 [notice] 39#39: exiting
2025/04/07 06:53:26 [notice] 32#32: exit
2025/04/07 06:53:26 [notice] 43#43: exiting
2025/04/07 06:53:26 [notice] 39#39: exit
2025/04/07 06:53:26 [notice] 36#36: exit
2025/04/07 06:53:26 [notice] 42#42: exiting
2025/04/07 06:53:26 [notice] 38#38: exiting
2025/04/07 06:53:26 [notice] 44#44: exiting
2025/04/07 06:53:26 [notice] 48#48: exiting
2025/04/07 06:53:26 [notice] 45#45: exiting
2025/04/07 06:53:26 [notice] 50#50: exiting
2025/04/07 06:53:26 [notice] 51#51: exiting
2025/04/07 06:53:26 [notice] 48#48: exit
2025/04/07 06:53:26 [notice] 49#49: exiting
2025/04/07 06:53:26 [notice] 28#28: exit
2025/04/07 06:53:26 [notice] 51#51: exit
2025/04/07 06:53:26 [notice] 40#40: exiting
2025/04/07 06:53:26 [notice] 29#29: exit
2025/04/07 06:53:26 [notice] 47#47: exit
2025/04/07 06:53:26 [notice] 31#31: exit
2025/04/07 06:53:26 [notice] 35#35: exit
2025/04/07 06:53:26 [notice] 37#37: exit
2025/04/07 06:53:26 [notice] 41#41: exit
2025/04/07 06:53:26 [notice] 43#43: exit
2025/04/07 06:53:26 [notice] 42#42: exit
2025/04/07 06:53:26 [notice] 38#38: exit
2025/04/07 06:53:26 [notice] 44#44: exit
2025/04/07 06:53:26 [notice] 45#45: exit
2025/04/07 06:53:26 [notice] 50#50: exit
2025/04/07 06:53:26 [notice] 49#49: exit
2025/04/07 06:53:26 [notice] 40#40: exit
2025/04/07 06:53:26 [notice] 1#1: signal 17 (SIGCHLD) received from 46
2025/04/07 06:53:26 [notice] 1#1: worker process 46 exited with code 0
2025/04/07 06:53:26 [notice] 1#1: signal 29 (SIGIO) received
2025/04/07 06:53:26 [notice] 1#1: signal 17 (SIGCHLD) received from 34
2025/04/07 06:53:26 [notice] 1#1: worker process 28 exited with code 0
2025/04/07 06:53:26 [notice] 1#1: worker process 29 exited with code 0
2025/04/07 06:53:26 [notice] 1#1: worker process 30 exited with code 0
2025/04/07 06:53:26 [notice] 1#1: worker process 33 exited with code 0
2025/04/07 06:53:26 [notice] 1#1: worker process 34 exited with code 0
2025/04/07 06:53:26 [notice] 1#1: worker process 35 exited with code 0
2025/04/07 06:53:26 [notice] 1#1: worker process 36 exited with code 0
2025/04/07 06:53:26 [notice] 1#1: worker process 37 exited with code 0
2025/04/07 06:53:26 [notice] 1#1: worker process 38 exited with code 0
2025/04/07 06:53:26 [notice] 1#1: worker process 40 exited with code 0
2025/04/07 06:53:26 [notice] 1#1: worker process 41 exited with code 0
2025/04/07 06:53:26 [notice] 1#1: worker process 42 exited with code 0
2025/04/07 06:53:26 [notice] 1#1: worker process 44 exited with code 0
2025/04/07 06:53:26 [notice] 1#1: worker process 45 exited with code 0
2025/04/07 06:53:26 [notice] 1#1: worker process 47 exited with code 0
2025/04/07 06:53:26 [notice] 1#1: worker process 48 exited with code 0
2025/04/07 06:53:26 [notice] 1#1: worker process 49 exited with code 0
2025/04/07 06:53:26 [notice] 1#1: worker process 51 exited with code 0
2025/04/07 06:53:26 [notice] 1#1: signal 29 (SIGIO) received
2025/04/07 06:53:26 [notice] 1#1: signal 17 (SIGCHLD) received from 37
2025/04/07 06:53:26 [notice] 1#1: signal 17 (SIGCHLD) received from 50
2025/04/07 06:53:26 [notice] 1#1: worker process 31 exited with code 0
2025/04/07 06:53:26 [notice] 1#1: worker process 32 exited with code 0
2025/04/07 06:53:26 [notice] 1#1: worker process 39 exited with code 0
2025/04/07 06:53:26 [notice] 1#1: worker process 43 exited with code 0
2025/04/07 06:53:26 [notice] 1#1: worker process 50 exited with code 0
2025/04/07 06:53:26 [notice] 1#1: exit
2025/04/07 06:54:47 [notice] 1#1: using the "epoll" event method
2025/04/07 06:54:47 [notice] 1#1: nginx/1.27.4
2025/04/07 06:54:47 [notice] 1#1: built by gcc 14.2.0 (Alpine 14.2.0) 
2025/04/07 06:54:47 [notice] 1#1: OS: Linux 6.12.5-linuxkit
2025/04/07 06:54:47 [notice] 1#1: getrlimit(RLIMIT_NOFILE): 1048576:1048576
2025/04/07 06:54:47 [notice] 1#1: start worker processes
2025/04/07 06:54:47 [notice] 1#1: start worker process 29
2025/04/07 06:54:47 [notice] 1#1: start worker process 30
2025/04/07 06:54:47 [notice] 1#1: start worker process 31
2025/04/07 06:54:47 [notice] 1#1: start worker process 32
2025/04/07 06:54:47 [notice] 1#1: start worker process 33
2025/04/07 06:54:47 [notice] 1#1: start worker process 34
2025/04/07 06:54:47 [notice] 1#1: start worker process 35
2025/04/07 06:54:47 [notice] 1#1: start worker process 36
2025/04/07 06:54:47 [notice] 1#1: start worker process 37
2025/04/07 06:54:47 [notice] 1#1: start worker process 38
2025/04/07 06:54:47 [notice] 1#1: start worker process 39
2025/04/07 06:54:47 [notice] 1#1: start worker process 40
2025/04/07 06:54:47 [notice] 1#1: start worker process 41
2025/04/07 06:54:47 [notice] 1#1: start worker process 42
2025/04/07 06:54:47 [notice] 1#1: start worker process 43
2025/04/07 06:54:47 [notice] 1#1: start worker process 44
2025/04/07 06:54:47 [notice] 1#1: start worker process 45
2025/04/07 06:54:47 [notice] 1#1: start worker process 46
2025/04/07 06:54:47 [notice] 1#1: start worker process 47
2025/04/07 06:54:47 [notice] 1#1: start worker process 48
2025/04/07 06:54:47 [notice] 1#1: start worker process 49
2025/04/07 06:54:47 [notice] 1#1: start worker process 50
2025/04/07 06:54:47 [notice] 1#1: start worker process 51
2025/04/07 06:54:47 [notice] 1#1: start worker process 52
2025/04/07 06:57:36 [notice] 1#1: signal 3 (SIGQUIT) received, shutting down
2025/04/07 06:57:36 [notice] 29#29: gracefully shutting down
2025/04/07 06:57:36 [notice] 31#31: gracefully shutting down
2025/04/07 06:57:36 [notice] 30#30: gracefully shutting down
2025/04/07 06:57:36 [notice] 35#35: gracefully shutting down
2025/04/07 06:57:36 [notice] 33#33: gracefully shutting down
2025/04/07 06:57:36 [notice] 36#36: gracefully shutting down
2025/04/07 06:57:36 [notice] 34#34: gracefully shutting down
2025/04/07 06:57:36 [notice] 38#38: gracefully shutting down
2025/04/07 06:57:36 [notice] 32#32: gracefully shutting down
2025/04/07 06:57:36 [notice] 37#37: gracefully shutting down
2025/04/07 06:57:36 [notice] 37#37: exiting
2025/04/07 06:57:36 [notice] 39#39: gracefully shutting down
2025/04/07 06:57:36 [notice] 41#41: gracefully shutting down
2025/04/07 06:57:36 [notice] 42#42: gracefully shutting down
2025/04/07 06:57:36 [notice] 40#40: gracefully shutting down
2025/04/07 06:57:36 [notice] 43#43: gracefully shutting down
2025/04/07 06:57:36 [notice] 44#44: gracefully shutting down
2025/04/07 06:57:36 [notice] 47#47: gracefully shutting down
2025/04/07 06:57:36 [notice] 46#46: gracefully shutting down
2025/04/07 06:57:36 [notice] 49#49: gracefully shutting down
2025/04/07 06:57:36 [notice] 50#50: gracefully shutting down
2025/04/07 06:57:36 [notice] 48#48: gracefully shutting down
2025/04/07 06:57:36 [notice] 45#45: gracefully shutting down
2025/04/07 06:57:36 [notice] 51#51: gracefully shutting down
2025/04/07 06:57:36 [notice] 52#52: gracefully shutting down
2025/04/07 06:57:36 [notice] 29#29: exiting
2025/04/07 06:57:36 [notice] 31#31: exiting
2025/04/07 06:57:36 [notice] 30#30: exiting
2025/04/07 06:57:36 [notice] 35#35: exiting
2025/04/07 06:57:36 [notice] 29#29: exit
2025/04/07 06:57:36 [notice] 33#33: exiting
2025/04/07 06:57:36 [notice] 30#30: exit
2025/04/07 06:57:36 [notice] 36#36: exiting
2025/04/07 06:57:36 [notice] 35#35: exit
2025/04/07 06:57:36 [notice] 34#34: exiting
2025/04/07 06:57:36 [notice] 33#33: exit
2025/04/07 06:57:36 [notice] 34#34: exit
2025/04/07 06:57:36 [notice] 38#38: exiting
2025/04/07 06:57:36 [notice] 32#32: exiting
2025/04/07 06:57:36 [notice] 39#39: exiting
2025/04/07 06:57:36 [notice] 41#41: exiting
2025/04/07 06:57:36 [notice] 37#37: exit
2025/04/07 06:57:36 [notice] 42#42: exiting
2025/04/07 06:57:36 [notice] 40#40: exiting
2025/04/07 06:57:36 [notice] 43#43: exiting
2025/04/07 06:57:36 [notice] 44#44: exiting
2025/04/07 06:57:36 [notice] 47#47: exiting
2025/04/07 06:57:36 [notice] 46#46: exiting
2025/04/07 06:57:36 [notice] 49#49: exiting
2025/04/07 06:57:36 [notice] 50#50: exiting
2025/04/07 06:57:36 [notice] 47#47: exit
2025/04/07 06:57:36 [notice] 48#48: exiting
2025/04/07 06:57:36 [notice] 45#45: exiting
2025/04/07 06:57:36 [notice] 51#51: exiting
2025/04/07 06:57:36 [notice] 52#52: exiting
2025/04/07 06:57:36 [notice] 45#45: exit
2025/04/07 06:57:36 [notice] 31#31: exit
2025/04/07 06:57:36 [notice] 36#36: exit
2025/04/07 06:57:36 [notice] 38#38: exit
2025/04/07 06:57:36 [notice] 32#32: exit
2025/04/07 06:57:36 [notice] 39#39: exit
2025/04/07 06:57:36 [notice] 41#41: exit
2025/04/07 06:57:36 [notice] 40#40: exit
2025/04/07 06:57:36 [notice] 42#42: exit
2025/04/07 06:57:36 [notice] 43#43: exit
2025/04/07 06:57:36 [notice] 44#44: exit
2025/04/07 06:57:36 [notice] 46#46: exit
2025/04/07 06:57:36 [notice] 49#49: exit
2025/04/07 06:57:36 [notice] 50#50: exit
2025/04/07 06:57:36 [notice] 48#48: exit
2025/04/07 06:57:36 [notice] 51#51: exit
2025/04/07 06:57:36 [notice] 52#52: exit
2025/04/07 06:57:36 [notice] 1#1: signal 17 (SIGCHLD) received from 39
2025/04/07 06:57:36 [notice] 1#1: worker process 29 exited with code 0
2025/04/07 06:57:36 [notice] 1#1: worker process 30 exited with code 0
2025/04/07 06:57:36 [notice] 1#1: worker process 31 exited with code 0
2025/04/07 06:57:36 [notice] 1#1: worker process 33 exited with code 0
2025/04/07 06:57:36 [notice] 1#1: worker process 35 exited with code 0
2025/04/07 06:57:36 [notice] 1#1: worker process 38 exited with code 0
2025/04/07 06:57:36 [notice] 1#1: worker process 39 exited with code 0
2025/04/07 06:57:36 [notice] 1#1: worker process 40 exited with code 0
2025/04/07 06:57:36 [notice] 1#1: worker process 41 exited with code 0
2025/04/07 06:57:36 [notice] 1#1: worker process 42 exited with code 0
2025/04/07 06:57:36 [notice] 1#1: worker process 43 exited with code 0
2025/04/07 06:57:36 [notice] 1#1: worker process 44 exited with code 0
2025/04/07 06:57:36 [notice] 1#1: worker process 45 exited with code 0
2025/04/07 06:57:36 [notice] 1#1: worker process 48 exited with code 0
2025/04/07 06:57:36 [notice] 1#1: worker process 49 exited with code 0
2025/04/07 06:57:36 [notice] 1#1: worker process 50 exited with code 0
2025/04/07 06:57:36 [notice] 1#1: worker process 51 exited with code 0
2025/04/07 06:57:36 [notice] 1#1: signal 29 (SIGIO) received
2025/04/07 06:57:36 [notice] 1#1: signal 17 (SIGCHLD) received from 38
2025/04/07 06:57:36 [notice] 1#1: signal 17 (SIGCHLD) received from 47
2025/04/07 06:57:36 [notice] 1#1: worker process 32 exited with code 0
2025/04/07 06:57:36 [notice] 1#1: worker process 47 exited with code 0
2025/04/07 06:57:36 [notice] 1#1: signal 29 (SIGIO) received
2025/04/07 06:57:36 [notice] 1#1: signal 17 (SIGCHLD) received from 32
2025/04/07 06:57:36 [notice] 1#1: signal 17 (SIGCHLD) received from 36
2025/04/07 06:57:36 [notice] 1#1: worker process 34 exited with code 0
2025/04/07 06:57:36 [notice] 1#1: worker process 36 exited with code 0
2025/04/07 06:57:36 [notice] 1#1: worker process 37 exited with code 0
2025/04/07 06:57:36 [notice] 1#1: worker process 46 exited with code 0
2025/04/07 06:57:36 [notice] 1#1: worker process 52 exited with code 0
2025/04/07 06:57:36 [notice] 1#1: exit
2025/04/07 06:57:40 [notice] 1#1: using the "epoll" event method
2025/04/07 06:57:40 [notice] 1#1: nginx/1.27.4
2025/04/07 06:57:40 [notice] 1#1: built by gcc 14.2.0 (Alpine 14.2.0) 
2025/04/07 06:57:40 [notice] 1#1: OS: Linux 6.12.5-linuxkit
2025/04/07 06:57:40 [notice] 1#1: getrlimit(RLIMIT_NOFILE): 1048576:1048576
2025/04/07 06:57:40 [notice] 1#1: start worker processes
2025/04/07 06:57:40 [notice] 1#1: start worker process 29
2025/04/07 06:57:40 [notice] 1#1: start worker process 30
2025/04/07 06:57:40 [notice] 1#1: start worker process 31
2025/04/07 06:57:40 [notice] 1#1: start worker process 32
2025/04/07 06:57:40 [notice] 1#1: start worker process 33
2025/04/07 06:57:40 [notice] 1#1: start worker process 34
2025/04/07 06:57:40 [notice] 1#1: start worker process 35
2025/04/07 06:57:40 [notice] 1#1: start worker process 36
2025/04/07 06:57:40 [notice] 1#1: start worker process 37
2025/04/07 06:57:40 [notice] 1#1: start worker process 38
2025/04/07 06:57:40 [notice] 1#1: start worker process 39
2025/04/07 06:57:40 [notice] 1#1: start worker process 40
2025/04/07 06:57:40 [notice] 1#1: start worker process 41
2025/04/07 06:57:40 [notice] 1#1: start worker process 42
2025/04/07 06:57:40 [notice] 1#1: start worker process 43
2025/04/07 06:57:40 [notice] 1#1: start worker process 44
2025/04/07 06:57:40 [notice] 1#1: start worker process 45
2025/04/07 06:57:40 [notice] 1#1: start worker process 46
2025/04/07 06:57:40 [notice] 1#1: start worker process 47
2025/04/07 06:57:40 [notice] 1#1: start worker process 48
2025/04/07 06:57:40 [notice] 1#1: start worker process 49
2025/04/07 06:57:40 [notice] 1#1: start worker process 50
2025/04/07 06:57:40 [notice] 1#1: start worker process 51
2025/04/07 06:57:40 [notice] 1#1: start worker process 52
2025/04/07 07:04:57 [notice] 1#1: signal 3 (SIGQUIT) received, shutting down
2025/04/07 07:04:57 [notice] 29#29: gracefully shutting down
2025/04/07 07:04:57 [notice] 51#51: gracefully shutting down
2025/04/07 07:04:57 [notice] 31#31: gracefully shutting down
2025/04/07 07:04:57 [notice] 32#32: gracefully shutting down
2025/04/07 07:04:57 [notice] 33#33: gracefully shutting down
2025/04/07 07:04:57 [notice] 30#30: gracefully shutting down
2025/04/07 07:04:57 [notice] 35#35: gracefully shutting down
2025/04/07 07:04:57 [notice] 36#36: gracefully shutting down
2025/04/07 07:04:57 [notice] 37#37: gracefully shutting down
2025/04/07 07:04:57 [notice] 34#34: gracefully shutting down
2025/04/07 07:04:57 [notice] 39#39: gracefully shutting down
2025/04/07 07:04:57 [notice] 41#41: gracefully shutting down
2025/04/07 07:04:57 [notice] 42#42: gracefully shutting down
2025/04/07 07:04:57 [notice] 46#46: gracefully shutting down
2025/04/07 07:04:57 [notice] 45#45: gracefully shutting down
2025/04/07 07:04:57 [notice] 40#40: gracefully shutting down
2025/04/07 07:04:57 [notice] 38#38: gracefully shutting down
2025/04/07 07:04:57 [notice] 43#43: gracefully shutting down
2025/04/07 07:04:57 [notice] 43#43: exiting
2025/04/07 07:04:57 [notice] 48#48: gracefully shutting down
2025/04/07 07:04:57 [notice] 49#49: gracefully shutting down
2025/04/07 07:04:57 [notice] 43#43: exit
2025/04/07 07:04:57 [notice] 47#47: gracefully shutting down
2025/04/07 07:04:57 [notice] 52#52: gracefully shutting down
2025/04/07 07:04:57 [notice] 29#29: exiting
2025/04/07 07:04:57 [notice] 50#50: gracefully shutting down
2025/04/07 07:04:57 [notice] 44#44: gracefully shutting down
2025/04/07 07:04:57 [notice] 51#51: exiting
2025/04/07 07:04:57 [notice] 31#31: exiting
2025/04/07 07:04:57 [notice] 32#32: exiting
2025/04/07 07:04:57 [notice] 33#33: exiting
2025/04/07 07:04:57 [notice] 32#32: exit
2025/04/07 07:04:57 [notice] 30#30: exiting
2025/04/07 07:04:57 [notice] 35#35: exiting
2025/04/07 07:04:57 [notice] 36#36: exiting
2025/04/07 07:04:57 [notice] 37#37: exiting
2025/04/07 07:04:57 [notice] 34#34: exiting
2025/04/07 07:04:57 [notice] 39#39: exiting
2025/04/07 07:04:57 [notice] 41#41: exiting
2025/04/07 07:04:57 [notice] 42#42: exiting
2025/04/07 07:04:57 [notice] 46#46: exiting
2025/04/07 07:04:57 [notice] 45#45: exiting
2025/04/07 07:04:57 [notice] 42#42: exit
2025/04/07 07:04:57 [notice] 40#40: exiting
2025/04/07 07:04:57 [notice] 38#38: exiting
2025/04/07 07:04:57 [notice] 48#48: exiting
2025/04/07 07:04:57 [notice] 49#49: exiting
2025/04/07 07:04:57 [notice] 47#47: exiting
2025/04/07 07:04:57 [notice] 52#52: exiting
2025/04/07 07:04:57 [notice] 50#50: exiting
2025/04/07 07:04:57 [notice] 29#29: exit
2025/04/07 07:04:57 [notice] 44#44: exiting
2025/04/07 07:04:57 [notice] 51#51: exit
2025/04/07 07:04:57 [notice] 31#31: exit
2025/04/07 07:04:57 [notice] 33#33: exit
2025/04/07 07:04:57 [notice] 30#30: exit
2025/04/07 07:04:57 [notice] 35#35: exit
2025/04/07 07:04:57 [notice] 36#36: exit
2025/04/07 07:04:57 [notice] 37#37: exit
2025/04/07 07:04:57 [notice] 34#34: exit
2025/04/07 07:04:57 [notice] 39#39: exit
2025/04/07 07:04:57 [notice] 41#41: exit
2025/04/07 07:04:57 [notice] 46#46: exit
2025/04/07 07:04:57 [notice] 45#45: exit
2025/04/07 07:04:57 [notice] 40#40: exit
2025/04/07 07:04:57 [notice] 48#48: exit
2025/04/07 07:04:57 [notice] 38#38: exit
2025/04/07 07:04:57 [notice] 49#49: exit
2025/04/07 07:04:57 [notice] 47#47: exit
2025/04/07 07:04:57 [notice] 52#52: exit
2025/04/07 07:04:57 [notice] 50#50: exit
2025/04/07 07:04:57 [notice] 44#44: exit
2025/04/07 07:04:57 [notice] 1#1: signal 17 (SIGCHLD) received from 43
2025/04/07 07:04:57 [notice] 1#1: worker process 43 exited with code 0
2025/04/07 07:04:57 [notice] 1#1: signal 29 (SIGIO) received
2025/04/07 07:04:57 [notice] 1#1: signal 17 (SIGCHLD) received from 42
2025/04/07 07:04:57 [notice] 1#1: worker process 42 exited with code 0
2025/04/07 07:04:57 [notice] 1#1: signal 29 (SIGIO) received
2025/04/07 07:04:57 [notice] 1#1: signal 17 (SIGCHLD) received from 29
2025/04/07 07:04:57 [notice] 1#1: worker process 29 exited with code 0
2025/04/07 07:04:57 [notice] 1#1: worker process 30 exited with code 0
2025/04/07 07:04:57 [notice] 1#1: worker process 32 exited with code 0
2025/04/07 07:04:57 [notice] 1#1: worker process 33 exited with code 0
2025/04/07 07:04:57 [notice] 1#1: worker process 51 exited with code 0
2025/04/07 07:04:57 [notice] 1#1: signal 29 (SIGIO) received
2025/04/07 07:04:57 [notice] 1#1: signal 17 (SIGCHLD) received from 51
2025/04/07 07:04:57 [notice] 1#1: signal 17 (SIGCHLD) received from 46
2025/04/07 07:04:57 [notice] 1#1: worker process 31 exited with code 0
2025/04/07 07:04:57 [notice] 1#1: worker process 46 exited with code 0
2025/04/07 07:04:57 [notice] 1#1: worker process 48 exited with code 0
2025/04/07 07:04:57 [notice] 1#1: worker process 49 exited with code 0
2025/04/07 07:04:57 [notice] 1#1: signal 29 (SIGIO) received
2025/04/07 07:04:57 [notice] 1#1: signal 17 (SIGCHLD) received from 49
2025/04/07 07:04:57 [notice] 1#1: signal 17 (SIGCHLD) received from 50
2025/04/07 07:04:57 [notice] 1#1: worker process 34 exited with code 0
2025/04/07 07:04:57 [notice] 1#1: worker process 35 exited with code 0
2025/04/07 07:04:57 [notice] 1#1: worker process 37 exited with code 0
2025/04/07 07:04:57 [notice] 1#1: worker process 38 exited with code 0
2025/04/07 07:04:57 [notice] 1#1: worker process 36 exited with code 0
2025/04/07 07:04:57 [notice] 1#1: worker process 39 exited with code 0
2025/04/07 07:04:57 [notice] 1#1: worker process 40 exited with code 0
2025/04/07 07:04:57 [notice] 1#1: worker process 41 exited with code 0
2025/04/07 07:04:57 [notice] 1#1: worker process 44 exited with code 0
2025/04/07 07:04:57 [notice] 1#1: worker process 45 exited with code 0
2025/04/07 07:04:57 [notice] 1#1: worker process 47 exited with code 0
2025/04/07 07:04:57 [notice] 1#1: worker process 50 exited with code 0
2025/04/07 07:04:57 [notice] 1#1: worker process 52 exited with code 0
2025/04/07 07:04:57 [notice] 1#1: exit
2025/04/07 07:04:58 [notice] 1#1: using the "epoll" event method
2025/04/07 07:04:58 [notice] 1#1: nginx/1.27.4
2025/04/07 07:04:58 [notice] 1#1: built by gcc 14.2.0 (Alpine 14.2.0) 
2025/04/07 07:04:58 [notice] 1#1: OS: Linux 6.12.5-linuxkit
2025/04/07 07:04:58 [notice] 1#1: getrlimit(RLIMIT_NOFILE): 1048576:1048576
2025/04/07 07:04:58 [notice] 1#1: start worker processes
2025/04/07 07:04:58 [notice] 1#1: start worker process 29
2025/04/07 07:04:58 [notice] 1#1: start worker process 30
2025/04/07 07:04:58 [notice] 1#1: start worker process 31
2025/04/07 07:04:58 [notice] 1#1: start worker process 32
2025/04/07 07:04:58 [notice] 1#1: start worker process 33
2025/04/07 07:04:58 [notice] 1#1: start worker process 34
2025/04/07 07:04:58 [notice] 1#1: start worker process 35
2025/04/07 07:04:58 [notice] 1#1: start worker process 36
2025/04/07 07:04:58 [notice] 1#1: start worker process 37
2025/04/07 07:04:58 [notice] 1#1: start worker process 38
2025/04/07 07:04:58 [notice] 1#1: start worker process 39
2025/04/07 07:04:58 [notice] 1#1: start worker process 40
2025/04/07 07:04:58 [notice] 1#1: start worker process 41
2025/04/07 07:04:58 [notice] 1#1: start worker process 42
2025/04/07 07:04:58 [notice] 1#1: start worker process 43
2025/04/07 07:04:58 [notice] 1#1: start worker process 44
2025/04/07 07:04:58 [notice] 1#1: start worker process 45
2025/04/07 07:04:58 [notice] 1#1: start worker process 46
2025/04/07 07:04:58 [notice] 1#1: start worker process 47
2025/04/07 07:04:58 [notice] 1#1: start worker process 48
2025/04/07 07:04:58 [notice] 1#1: start worker process 49
2025/04/07 07:04:58 [notice] 1#1: start worker process 50
2025/04/07 07:04:58 [notice] 1#1: start worker process 51
2025/04/07 07:04:58 [notice] 1#1: start worker process 52
2025/04/07 07:11:27 [notice] 1#1: signal 3 (SIGQUIT) received, shutting down
2025/04/07 07:11:27 [notice] 30#30: gracefully shutting down
2025/04/07 07:11:27 [notice] 49#49: gracefully shutting down
2025/04/07 07:11:27 [notice] 32#32: gracefully shutting down
2025/04/07 07:11:27 [notice] 32#32: exiting
2025/04/07 07:11:27 [notice] 29#29: gracefully shutting down
2025/04/07 07:11:27 [notice] 35#35: gracefully shutting down
2025/04/07 07:11:27 [notice] 32#32: exit
2025/04/07 07:11:27 [notice] 36#36: gracefully shutting down
2025/04/07 07:11:27 [notice] 34#34: gracefully shutting down
2025/04/07 07:11:27 [notice] 34#34: exiting
2025/04/07 07:11:27 [notice] 31#31: gracefully shutting down
2025/04/07 07:11:27 [notice] 38#38: gracefully shutting down
2025/04/07 07:11:27 [notice] 33#33: gracefully shutting down
2025/04/07 07:11:27 [notice] 33#33: exiting
2025/04/07 07:11:27 [notice] 42#42: gracefully shutting down
2025/04/07 07:11:27 [notice] 44#44: gracefully shutting down
2025/04/07 07:11:27 [notice] 33#33: exit
2025/04/07 07:11:27 [notice] 39#39: gracefully shutting down
2025/04/07 07:11:27 [notice] 37#37: gracefully shutting down
2025/04/07 07:11:27 [notice] 40#40: gracefully shutting down
2025/04/07 07:11:27 [notice] 43#43: gracefully shutting down
2025/04/07 07:11:27 [notice] 46#46: gracefully shutting down
2025/04/07 07:11:27 [notice] 45#45: gracefully shutting down
2025/04/07 07:11:27 [notice] 47#47: gracefully shutting down
2025/04/07 07:11:27 [notice] 41#41: gracefully shutting down
2025/04/07 07:11:27 [notice] 50#50: gracefully shutting down
2025/04/07 07:11:27 [notice] 50#50: exiting
2025/04/07 07:11:27 [notice] 51#51: gracefully shutting down
2025/04/07 07:11:27 [notice] 52#52: gracefully shutting down
2025/04/07 07:11:27 [notice] 52#52: exiting
2025/04/07 07:11:27 [notice] 48#48: gracefully shutting down
2025/04/07 07:11:27 [notice] 30#30: exiting
2025/04/07 07:11:27 [notice] 49#49: exiting
2025/04/07 07:11:27 [notice] 52#52: exit
2025/04/07 07:11:27 [notice] 29#29: exiting
2025/04/07 07:11:27 [notice] 35#35: exiting
2025/04/07 07:11:27 [notice] 36#36: exiting
2025/04/07 07:11:27 [notice] 31#31: exiting
2025/04/07 07:11:27 [notice] 38#38: exiting
2025/04/07 07:11:27 [notice] 34#34: exit
2025/04/07 07:11:27 [notice] 42#42: exiting
2025/04/07 07:11:27 [notice] 31#31: exit
2025/04/07 07:11:27 [notice] 44#44: exiting
2025/04/07 07:11:27 [notice] 39#39: exiting
2025/04/07 07:11:27 [notice] 37#37: exiting
2025/04/07 07:11:27 [notice] 40#40: exiting
2025/04/07 07:11:27 [notice] 43#43: exiting
2025/04/07 07:11:27 [notice] 46#46: exiting
2025/04/07 07:11:27 [notice] 45#45: exiting
2025/04/07 07:11:27 [notice] 47#47: exiting
2025/04/07 07:11:27 [notice] 41#41: exiting
2025/04/07 07:11:27 [notice] 51#51: exiting
2025/04/07 07:11:27 [notice] 47#47: exit
2025/04/07 07:11:27 [notice] 50#50: exit
2025/04/07 07:11:27 [notice] 48#48: exiting
2025/04/07 07:11:27 [notice] 51#51: exit
2025/04/07 07:11:27 [notice] 49#49: exit
2025/04/07 07:11:27 [notice] 30#30: exit
2025/04/07 07:11:27 [notice] 48#48: exit
2025/04/07 07:11:27 [notice] 29#29: exit
2025/04/07 07:11:27 [notice] 36#36: exit
2025/04/07 07:11:27 [notice] 35#35: exit
2025/04/07 07:11:27 [notice] 38#38: exit
2025/04/07 07:11:27 [notice] 42#42: exit
2025/04/07 07:11:27 [notice] 44#44: exit
2025/04/07 07:11:27 [notice] 39#39: exit
2025/04/07 07:11:27 [notice] 40#40: exit
2025/04/07 07:11:27 [notice] 37#37: exit
2025/04/07 07:11:27 [notice] 43#43: exit
2025/04/07 07:11:27 [notice] 46#46: exit
2025/04/07 07:11:27 [notice] 45#45: exit
2025/04/07 07:11:27 [notice] 41#41: exit
2025/04/07 07:11:27 [notice] 1#1: signal 17 (SIGCHLD) received from 34
2025/04/07 07:11:27 [notice] 1#1: worker process 34 exited with code 0
2025/04/07 07:11:27 [notice] 1#1: worker process 32 exited with code 0
2025/04/07 07:11:27 [notice] 1#1: worker process 36 exited with code 0
2025/04/07 07:11:27 [notice] 1#1: signal 29 (SIGIO) received
2025/04/07 07:11:27 [notice] 1#1: signal 17 (SIGCHLD) received from 36
2025/04/07 07:11:27 [notice] 1#1: signal 17 (SIGCHLD) received from 49
2025/04/07 07:11:27 [notice] 1#1: worker process 29 exited with code 0
2025/04/07 07:11:27 [notice] 1#1: worker process 47 exited with code 0
2025/04/07 07:11:27 [notice] 1#1: worker process 49 exited with code 0
2025/04/07 07:11:27 [notice] 1#1: worker process 52 exited with code 0
2025/04/07 07:11:27 [notice] 1#1: signal 29 (SIGIO) received
2025/04/07 07:11:27 [notice] 1#1: signal 17 (SIGCHLD) received from 47
2025/04/07 07:11:28 [notice] 1#1: signal 17 (SIGCHLD) received from 35
2025/04/07 07:11:28 [notice] 1#1: worker process 31 exited with code 0
2025/04/07 07:11:28 [notice] 1#1: worker process 30 exited with code 0
2025/04/07 07:11:28 [notice] 1#1: worker process 33 exited with code 0
2025/04/07 07:11:28 [notice] 1#1: worker process 35 exited with code 0
2025/04/07 07:11:28 [notice] 1#1: worker process 37 exited with code 0
2025/04/07 07:11:28 [notice] 1#1: worker process 38 exited with code 0
2025/04/07 07:11:28 [notice] 1#1: worker process 39 exited with code 0
2025/04/07 07:11:28 [notice] 1#1: worker process 40 exited with code 0
2025/04/07 07:11:28 [notice] 1#1: worker process 41 exited with code 0
2025/04/07 07:11:28 [notice] 1#1: worker process 42 exited with code 0
2025/04/07 07:11:28 [notice] 1#1: worker process 43 exited with code 0
2025/04/07 07:11:28 [notice] 1#1: worker process 44 exited with code 0
2025/04/07 07:11:28 [notice] 1#1: worker process 45 exited with code 0
2025/04/07 07:11:28 [notice] 1#1: worker process 46 exited with code 0
2025/04/07 07:11:28 [notice] 1#1: worker process 48 exited with code 0
2025/04/07 07:11:28 [notice] 1#1: worker process 50 exited with code 0
2025/04/07 07:11:28 [notice] 1#1: worker process 51 exited with code 0
2025/04/07 07:11:28 [notice] 1#1: exit
2025/04/07 07:11:29 [notice] 1#1: using the "epoll" event method
2025/04/07 07:11:29 [notice] 1#1: nginx/1.27.4
2025/04/07 07:11:29 [notice] 1#1: built by gcc 14.2.0 (Alpine 14.2.0) 
2025/04/07 07:11:29 [notice] 1#1: OS: Linux 6.12.5-linuxkit
2025/04/07 07:11:29 [notice] 1#1: getrlimit(RLIMIT_NOFILE): 1048576:1048576
2025/04/07 07:11:29 [notice] 1#1: start worker processes
2025/04/07 07:11:29 [notice] 1#1: start worker process 29
2025/04/07 07:11:29 [notice] 1#1: start worker process 30
2025/04/07 07:11:29 [notice] 1#1: start worker process 31
2025/04/07 07:11:29 [notice] 1#1: start worker process 32
2025/04/07 07:11:29 [notice] 1#1: start worker process 33
2025/04/07 07:11:29 [notice] 1#1: start worker process 34
2025/04/07 07:11:29 [notice] 1#1: start worker process 35
2025/04/07 07:11:29 [notice] 1#1: start worker process 36
2025/04/07 07:11:29 [notice] 1#1: start worker process 37
2025/04/07 07:11:29 [notice] 1#1: start worker process 38
2025/04/07 07:11:29 [notice] 1#1: start worker process 39
2025/04/07 07:11:29 [notice] 1#1: start worker process 40
2025/04/07 07:11:29 [notice] 1#1: start worker process 41
2025/04/07 07:11:29 [notice] 1#1: start worker process 42
2025/04/07 07:11:29 [notice] 1#1: start worker process 43
2025/04/07 07:11:29 [notice] 1#1: start worker process 44
2025/04/07 07:11:29 [notice] 1#1: start worker process 45
2025/04/07 07:11:29 [notice] 1#1: start worker process 46
2025/04/07 07:11:29 [notice] 1#1: start worker process 47
2025/04/07 07:11:29 [notice] 1#1: start worker process 48
2025/04/07 07:11:29 [notice] 1#1: start worker process 49
2025/04/07 07:11:29 [notice] 1#1: start worker process 50
2025/04/07 07:11:29 [notice] 1#1: start worker process 51
2025/04/07 07:11:29 [notice] 1#1: start worker process 52
2025/04/07 07:16:14 [notice] 1#1: signal 3 (SIGQUIT) received, shutting down
2025/04/07 07:16:14 [notice] 29#29: gracefully shutting down
2025/04/07 07:16:14 [notice] 32#32: gracefully shutting down
2025/04/07 07:16:14 [notice] 31#31: gracefully shutting down
2025/04/07 07:16:14 [notice] 31#31: exiting
2025/04/07 07:16:14 [notice] 30#30: gracefully shutting down
2025/04/07 07:16:14 [notice] 34#34: gracefully shutting down
2025/04/07 07:16:14 [notice] 33#33: gracefully shutting down
2025/04/07 07:16:14 [notice] 35#35: gracefully shutting down
2025/04/07 07:16:14 [notice] 38#38: gracefully shutting down
2025/04/07 07:16:14 [notice] 36#36: gracefully shutting down
2025/04/07 07:16:14 [notice] 37#37: gracefully shutting down
2025/04/07 07:16:14 [notice] 40#40: gracefully shutting down
2025/04/07 07:16:14 [notice] 39#39: gracefully shutting down
2025/04/07 07:16:14 [notice] 43#43: gracefully shutting down
2025/04/07 07:16:14 [notice] 42#42: gracefully shutting down
2025/04/07 07:16:14 [notice] 45#45: gracefully shutting down
2025/04/07 07:16:14 [notice] 45#45: exiting
2025/04/07 07:16:14 [notice] 41#41: gracefully shutting down
2025/04/07 07:16:14 [notice] 47#47: gracefully shutting down
2025/04/07 07:16:14 [notice] 45#45: exit
2025/04/07 07:16:14 [notice] 49#49: gracefully shutting down
2025/04/07 07:16:14 [notice] 48#48: gracefully shutting down
2025/04/07 07:16:14 [notice] 46#46: gracefully shutting down
2025/04/07 07:16:14 [notice] 51#51: gracefully shutting down
2025/04/07 07:16:14 [notice] 50#50: gracefully shutting down
2025/04/07 07:16:14 [notice] 44#44: gracefully shutting down
2025/04/07 07:16:14 [notice] 44#44: exiting
2025/04/07 07:16:14 [notice] 29#29: exiting
2025/04/07 07:16:14 [notice] 52#52: gracefully shutting down
2025/04/07 07:16:14 [notice] 32#32: exiting
2025/04/07 07:16:14 [notice] 52#52: exiting
2025/04/07 07:16:14 [notice] 30#30: exiting
2025/04/07 07:16:14 [notice] 34#34: exiting
2025/04/07 07:16:14 [notice] 31#31: exit
2025/04/07 07:16:14 [notice] 33#33: exiting
2025/04/07 07:16:14 [notice] 35#35: exiting
2025/04/07 07:16:14 [notice] 38#38: exiting
2025/04/07 07:16:14 [notice] 36#36: exiting
2025/04/07 07:16:14 [notice] 37#37: exiting
2025/04/07 07:16:14 [notice] 40#40: exiting
2025/04/07 07:16:14 [notice] 39#39: exiting
2025/04/07 07:16:14 [notice] 43#43: exiting
2025/04/07 07:16:14 [notice] 42#42: exiting
2025/04/07 07:16:14 [notice] 43#43: exit
2025/04/07 07:16:14 [notice] 41#41: exiting
2025/04/07 07:16:14 [notice] 47#47: exiting
2025/04/07 07:16:14 [notice] 49#49: exiting
2025/04/07 07:16:14 [notice] 48#48: exiting
2025/04/07 07:16:14 [notice] 46#46: exiting
2025/04/07 07:16:14 [notice] 51#51: exiting
2025/04/07 07:16:14 [notice] 50#50: exiting
2025/04/07 07:16:14 [notice] 44#44: exit
2025/04/07 07:16:14 [notice] 46#46: exit
2025/04/07 07:16:14 [notice] 29#29: exit
2025/04/07 07:16:14 [notice] 32#32: exit
2025/04/07 07:16:14 [notice] 34#34: exit
2025/04/07 07:16:14 [notice] 52#52: exit
2025/04/07 07:16:14 [notice] 30#30: exit
2025/04/07 07:16:14 [notice] 33#33: exit
2025/04/07 07:16:14 [notice] 35#35: exit
2025/04/07 07:16:14 [notice] 38#38: exit
2025/04/07 07:16:14 [notice] 36#36: exit
2025/04/07 07:16:14 [notice] 37#37: exit
2025/04/07 07:16:14 [notice] 40#40: exit
2025/04/07 07:16:14 [notice] 39#39: exit
2025/04/07 07:16:14 [notice] 42#42: exit
2025/04/07 07:16:14 [notice] 47#47: exit
2025/04/07 07:16:14 [notice] 41#41: exit
2025/04/07 07:16:14 [notice] 49#49: exit
2025/04/07 07:16:14 [notice] 48#48: exit
2025/04/07 07:16:14 [notice] 51#51: exit
2025/04/07 07:16:14 [notice] 50#50: exit
2025/04/07 07:16:14 [notice] 1#1: signal 17 (SIGCHLD) received from 49
2025/04/07 07:16:14 [notice] 1#1: worker process 30 exited with code 0
2025/04/07 07:16:14 [notice] 1#1: worker process 34 exited with code 0
2025/04/07 07:16:14 [notice] 1#1: worker process 45 exited with code 0
2025/04/07 07:16:14 [notice] 1#1: worker process 49 exited with code 0
2025/04/07 07:16:14 [notice] 1#1: signal 29 (SIGIO) received
2025/04/07 07:16:14 [notice] 1#1: signal 17 (SIGCHLD) received from 30
2025/04/07 07:16:14 [notice] 1#1: signal 17 (SIGCHLD) received from 42
2025/04/07 07:16:14 [notice] 1#1: worker process 42 exited with code 0
2025/04/07 07:16:14 [notice] 1#1: worker process 39 exited with code 0
2025/04/07 07:16:14 [notice] 1#1: worker process 31 exited with code 0
2025/04/07 07:16:14 [notice] 1#1: worker process 32 exited with code 0
2025/04/07 07:16:14 [notice] 1#1: worker process 35 exited with code 0
2025/04/07 07:16:14 [notice] 1#1: worker process 33 exited with code 0
2025/04/07 07:16:14 [notice] 1#1: worker process 37 exited with code 0
2025/04/07 07:16:14 [notice] 1#1: worker process 38 exited with code 0
2025/04/07 07:16:14 [notice] 1#1: worker process 40 exited with code 0
2025/04/07 07:16:14 [notice] 1#1: worker process 41 exited with code 0
2025/04/07 07:16:14 [notice] 1#1: worker process 43 exited with code 0
2025/04/07 07:16:14 [notice] 1#1: worker process 44 exited with code 0
2025/04/07 07:16:14 [notice] 1#1: worker process 46 exited with code 0
2025/04/07 07:16:14 [notice] 1#1: worker process 47 exited with code 0
2025/04/07 07:16:14 [notice] 1#1: worker process 48 exited with code 0
2025/04/07 07:16:14 [notice] 1#1: worker process 51 exited with code 0
2025/04/07 07:16:14 [notice] 1#1: worker process 52 exited with code 0
2025/04/07 07:16:14 [notice] 1#1: signal 29 (SIGIO) received
2025/04/07 07:16:14 [notice] 1#1: signal 17 (SIGCHLD) received from 39
2025/04/07 07:16:14 [notice] 1#1: signal 17 (SIGCHLD) received from 29
2025/04/07 07:16:14 [notice] 1#1: worker process 29 exited with code 0
2025/04/07 07:16:14 [notice] 1#1: worker process 50 exited with code 0
2025/04/07 07:16:14 [notice] 1#1: signal 29 (SIGIO) received
2025/04/07 07:16:14 [notice] 1#1: signal 17 (SIGCHLD) received from 50
2025/04/07 07:16:14 [notice] 1#1: signal 17 (SIGCHLD) received from 36
2025/04/07 07:16:14 [notice] 1#1: worker process 36 exited with code 0
2025/04/07 07:16:14 [notice] 1#1: exit
2025/04/07 09:36:43 [notice] 1#1: using the "epoll" event method
2025/04/07 09:36:43 [notice] 1#1: nginx/1.27.4
2025/04/07 09:36:43 [notice] 1#1: built by gcc 14.2.0 (Alpine 14.2.0) 
2025/04/07 09:36:43 [notice] 1#1: OS: Linux 6.12.5-linuxkit
2025/04/07 09:36:43 [notice] 1#1: getrlimit(RLIMIT_NOFILE): 1048576:1048576
2025/04/07 09:36:43 [notice] 1#1: start worker processes
2025/04/07 09:36:43 [notice] 1#1: start worker process 28
2025/04/07 09:36:43 [notice] 1#1: start worker process 29
2025/04/07 09:36:43 [notice] 1#1: start worker process 30
2025/04/07 09:36:43 [notice] 1#1: start worker process 31
2025/04/07 09:36:43 [notice] 1#1: start worker process 32
2025/04/07 09:36:43 [notice] 1#1: start worker process 33
2025/04/07 09:36:43 [notice] 1#1: start worker process 34
2025/04/07 09:36:43 [notice] 1#1: start worker process 35
2025/04/07 09:36:43 [notice] 1#1: start worker process 36
2025/04/07 09:36:43 [notice] 1#1: start worker process 37
2025/04/07 09:36:43 [notice] 1#1: start worker process 38
2025/04/07 09:36:43 [notice] 1#1: start worker process 39
2025/04/07 09:36:43 [notice] 1#1: start worker process 40
2025/04/07 09:36:43 [notice] 1#1: start worker process 41
2025/04/07 09:36:43 [notice] 1#1: start worker process 42
2025/04/07 09:36:43 [notice] 1#1: start worker process 43
2025/04/07 09:36:43 [notice] 1#1: start worker process 44
2025/04/07 09:36:43 [notice] 1#1: start worker process 45
2025/04/07 09:36:43 [notice] 1#1: start worker process 46
2025/04/07 09:36:43 [notice] 1#1: start worker process 47
2025/04/07 09:36:43 [notice] 1#1: start worker process 48
2025/04/07 09:36:43 [notice] 1#1: start worker process 49
2025/04/07 09:36:43 [notice] 1#1: start worker process 50
2025/04/07 09:36:43 [notice] 1#1: start worker process 51
2025/04/07 10:46:56 [warn] 28#28: *114 a client request body is buffered to a temporary file /var/cache/nginx/client_temp/0000000001, client: 172.21.0.1, server: localhost, request: "POST /livewire/upload-file?expires=1744023116&signature=ff6a6f75d940d325541c5ed6dfca3b470c725a7ffce90df38c326b54dc92e636 HTTP/1.1", host: "localhost:8080", referrer: "http://localhost:8080/admin/beach-events/create"
2025/04/07 10:50:43 [warn] 28#28: *139 a client request body is buffered to a temporary file /var/cache/nginx/client_temp/0000000002, client: 172.21.0.1, server: localhost, request: "POST /livewire/upload-file?expires=1744023343&signature=cd3c30d4af46a8cd777dd314cea4d1c9db51859159fef00c36e78af97a84f552 HTTP/1.1", host: "localhost:8080", referrer: "http://localhost:8080/admin/beach-events/create"
2025/04/07 10:53:09 [warn] 28#28: *148 a client request body is buffered to a temporary file /var/cache/nginx/client_temp/0000000003, client: 172.21.0.1, server: localhost, request: "POST /livewire/upload-file?expires=1744023489&signature=db7a6e39f9c22f834ab9b75972a55271b187f3440eedb9aa988fbe37f8378345 HTTP/1.1", host: "localhost:8080", referrer: "http://localhost:8080/admin/beach-events/1/edit"
2025/04/08 11:52:30 [warn] 44#44: *1223 a client request body is buffered to a temporary file /var/cache/nginx/client_temp/0000000004, client: 172.21.0.1, server: localhost, request: "POST /livewire/upload-file?expires=1744113450&signature=a7e79dd8edddc92e9dda0159ae58a4a27b517575f1bb35da29c61c7bfd2b567a HTTP/1.1", host: "localhost:8080", referrer: "http://localhost:8080/admin/hotels/1/edit"
2025/04/08 11:52:30 [warn] 42#42: *1235 a client request body is buffered to a temporary file /var/cache/nginx/client_temp/0000000005, client: 172.21.0.1, server: localhost, request: "POST /livewire/upload-file?expires=1744113450&signature=a7e79dd8edddc92e9dda0159ae58a4a27b517575f1bb35da29c61c7bfd2b567a HTTP/1.1", host: "localhost:8080", referrer: "http://localhost:8080/admin/hotels/1/edit"
2025/04/08 11:52:33 [warn] 44#44: *1223 a client request body is buffered to a temporary file /var/cache/nginx/client_temp/0000000006, client: 172.21.0.1, server: localhost, request: "POST /livewire/upload-file?expires=1744113453&signature=e7b6d8b9f107e6aac960cefb36b2bd928e74248fc16c9b5f166ee8196e0f84b1 HTTP/1.1", host: "localhost:8080", referrer: "http://localhost:8080/admin/hotels/1/edit"
2025/04/08 11:54:07 [warn] 42#42: *1237 a client request body is buffered to a temporary file /var/cache/nginx/client_temp/0000000007, client: 172.21.0.1, server: localhost, request: "POST /livewire/upload-file?expires=1744113547&signature=9c39585a050e49db98ab099242873a8c0982fcb2524aa40c2b9e7262e557e556 HTTP/1.1", host: "localhost:8080", referrer: "http://localhost:8080/admin/hotels/1/edit"
2025/04/08 11:54:07 [warn] 42#42: *1235 a client request body is buffered to a temporary file /var/cache/nginx/client_temp/0000000008, client: 172.21.0.1, server: localhost, request: "POST /livewire/upload-file?expires=1744113547&signature=9c39585a050e49db98ab099242873a8c0982fcb2524aa40c2b9e7262e557e556 HTTP/1.1", host: "localhost:8080", referrer: "http://localhost:8080/admin/hotels/1/edit"
